<?xml version="1.0" encoding="UTF-8"?>
<!-- Generated by org.testng.reporters.JUnitReportReporter -->
<testsuite skipped="0" hostname="Ashitha" name="SampleMaven.DemoMaven" tests="1" failures="0" timestamp="22 Jul 2019 12:31:16 GMT" time="0.019" errors="0">
  <testcase name="run" time="0.019" classname="SampleMaven.DemoMaven"/>
</testsuite> <!-- SampleMaven.DemoMaven -->
